<?xml version="1.0" encoding="UTF-8"?>
<!-- Generated by org.testng.reporters.JUnitReportReporter -->
<testsuite hostname="vin" failures="0" tests="1" name="testCases.TC_002_LoginTest" time="1.184" errors="0" timestamp="2023-01-02T15:01:07 IST" skipped="0">
  <testcase classname="testCases.TC_002_LoginTest" name="test_login" time="1.184"/>
  <system-out/>
</testsuite> <!-- testCases.TC_002_LoginTest -->
