<?xml version="1.0" encoding="UTF-8"?>
<!-- Generated by org.testng.reporters.JUnitReportReporter -->
<testsuite hostname="vin" failures="0" tests="1" name="testCases.TC_001_AccountRegistrationTest" time="0.976" errors="0" timestamp="2023-01-10T10:04:25 IST" skipped="0">
  <testcase classname="testCases.TC_001_AccountRegistrationTest" name="test_account_registration" time="0.976"/>
  <system-out/>
</testsuite> <!-- testCases.TC_001_AccountRegistrationTest -->
