<?xml version="1.0" encoding="UTF-8"?>
<!-- Generated by org.testng.reporters.JUnitReportReporter -->
<testsuite hostname="vin" failures="0" tests="1" name="testCases.TC_001_AccountRegistrationTest" time="1.044" errors="0" timestamp="2023-01-03T08:17:22 IST" skipped="0">
  <testcase classname="testCases.TC_001_AccountRegistrationTest" name="test_account_registration" time="1.044"/>
  <system-out/>
</testsuite> <!-- testCases.TC_001_AccountRegistrationTest -->
