<?xml version="1.0" encoding="UTF-8"?>
<!-- Generated by org.testng.reporters.JUnitReportReporter -->
<testsuite hostname="vin" failures="0" tests="1" name="testCases.TC_002_LoginTest" time="1.577" errors="0" timestamp="2023-01-04T12:29:06 IST" skipped="0">
  <testcase classname="testCases.TC_002_LoginTest" name="test_login" time="1.577"/>
  <system-out/>
</testsuite> <!-- testCases.TC_002_LoginTest -->
